<?xml version="1.0" encoding="UTF-8" ?>
<testsuite failures="0" time="0.094" errors="0" skipped="0" tests="11" name="comprarEntradas.TestEntrada">
  <properties>
[...]
</properties>
  <testcase time="0.003" classname="comprarEntradas.TestEntrada" name="testComprarEntradaMayor18Noche1ConDescuento"/>
  <testcase time="0.001" classname="comprarEntradas.TestEntrada" name="testComprarEntradaMenor18ConDescuentoAnticipado"/>
  <testcase time="0.001" classname="comprarEntradas.TestEntrada" name="testComprarEntradaMenor18SinDescuentoAnticipado"/>
  <testcase time="0" classname="comprarEntradas.TestEntrada" name="testComprarEntradaJubiladoConDescuentoAnticipadoCategoria3"/>
  <testcase time="0" classname="comprarEntradas.TestEntrada" name="testPrecioEntradaJubiladoSinDescuentoAnticipadoCategoria3"/>
  <testcase time="0.001" classname="comprarEntradas.TestEntrada" name="testComprarEntradaMayor18Noche1SinDescuentoAnticipada"/>
  <testcase time="0" classname="comprarEntradas.TestEntrada" name="testComprarComboSinDescuentoAnticipada"/>
  <testcase time="0" classname="comprarEntradas.TestEntrada" name="testComprarEntradaVipConDescuentoAnticipada"/>
  <testcase time="0.001" classname="comprarEntradas.TestEntrada" name="testComprarEntradaVipSinDescuentoAnticipada"/>
  <testcase time="0" classname="comprarEntradas.TestEntrada" name="testPrecioPorNocheCategoria3"/>
  <testcase time="0" classname="comprarEntradas.TestEntrada" name="testObtenerPrecio"/>
</testsuite>